This is LuaTeX, Version 1.0.4 (TeX Live 2017)  (format=lualatex 2017.5.23)  25 JAN 2019 11:57
 restricted system commands enabled.
 file:line:error style messages enabled.
**Kari-main.tex
(./Kari-main.tex
LaTeX2e <2017-04-15>
Lua module: luaotfload-main 2017/01/29 2.80001 OpenType layout system.
Lua module: lualibs 2017-02-01 2.5 ConTeXt Lua standard libraries.
Lua module: lualibs-extended 2017-02-01 2.5 ConTeXt Lua libraries -- extended collection.(using write cache: /Users/gary/Library/texlive/2017/texmf-var/luatex-cache/generic)(using read cache: /usr/local/texlive/2017/texmf-var/luatex-cache/generic /Users/gary/Library/texlive/2017/texmf-var/luatex-cache/generic)
luaotfload | conf : Root cache directory is /Users/gary/Library/texlive/2017/texmf-var/luatex-cache/generic/names.
luaotfload | init : Loading fontloader “fontloader-2017-02-11.lua” from kpse-resolved path “/usr/local/texlive/2017/texmf-dist/tex/luatex/luaotfload/fontloader-2017-02-11.lua”.
Lua-only attribute luaotfload@state = 1
Lua-only attribute luaotfload@noligature = 2
Lua-only attribute luaotfload@syllabe = 3
luaotfload | init : Context OpenType loader version “3.027”
Inserting `luaotfload.node_processor' at position 1 in `pre_linebreak_filter'.
Inserting `luaotfload.node_processor' at position 1 in `hpack_filter'.
Inserting `luaotfload.define_font' at position 1 in `define_font'.
Lua-only attribute luaotfload_color_attribute = 4
luaotfload | conf : Root cache directory is /Users/gary/Library/texlive/2017/texmf-var/luatex-cache/generic/names.
Inserting `luaotfload.aux.set_sscale_dimens' at position 1 in `luaotfload.patch_font'.
Inserting `luaotfload.aux.patch_cambria_domh' at position 2 in `luaotfload.patch_font'.
Inserting `luaotfload.aux.fixup_fontdata' at position 1 in `luaotfload.patch_font_unsafe'.
Inserting `luaotfload.aux.set_capheight' at position 3 in `luaotfload.patch_font'.
Inserting `luaotfload.rewrite_fontname' at position 4 in `luaotfload.patch_font'.
luaotfload | main : initialization completed in 0.223 seconds
Babel <3.10> and hyphenation patterns for 1 language(s) loaded.
(/usr/local/texlive/2017/texmf-dist/tex/latex/base/book.cls
Document Class: book 2014/09/29 v1.4h Standard LaTeX document class
(/usr/local/texlive/2017/texmf-dist/tex/latex/base/bk10.clo
File: bk10.clo 2014/09/29 v1.4h Standard LaTeX file (size option)
luaotfload | db : Font names database loaded from /Users/gary/Library/texlive/2017/texmf-var/luatex-cache/generic/names/luaotfload-names.luc(load luc: /Users/gary/Library/texlive/2017/texmf-var/luatex-cache/generic/fonts/otl/lmroman10-regular.luc))
\c@part=\count79
\c@chapter=\count80
\c@section=\count81
\c@subsection=\count82
\c@subsubsection=\count83
\c@paragraph=\count84
\c@subparagraph=\count85
\c@figure=\count86
\c@table=\count87
\abovecaptionskip=\skip41
\belowcaptionskip=\skip42
\bibindent=\dimen102
) (/usr/local/texlive/2017/texmf-dist/tex/latex/fontspec/fontspec.sty (/usr/local/texlive/2017/texmf-dist/tex/latex/l3kernel/expl3.sty
Package: expl3 2017/05/13 L3 programming layer (loader) 
 (/usr/local/texlive/2017/texmf-dist/tex/latex/l3kernel/expl3-code.tex
Package: expl3 2017/05/13 L3 programming layer (code)
\ucharcat@table=\catcodetable5
\c_max_int=\count88
\l_tmpa_int=\count89
\l_tmpb_int=\count90
\g_tmpa_int=\count91
\g_tmpb_int=\count92
\g__prg_map_int=\count93
\c_log_iow=\count94
\l_iow_line_count_int=\count95
\l__iow_line_target_int=\count96
\l__iow_one_indent_int=\count97
\l__iow_indent_int=\count98
\c_zero_dim=\dimen103
\c_max_dim=\dimen104
\l_tmpa_dim=\dimen105
\l_tmpb_dim=\dimen106
\g_tmpa_dim=\dimen107
\g_tmpb_dim=\dimen108
\c_zero_skip=\skip43
\c_max_skip=\skip44
\l_tmpa_skip=\skip45
\l_tmpb_skip=\skip46
\g_tmpa_skip=\skip47
\g_tmpb_skip=\skip48
\c_zero_muskip=\muskip10
\c_max_muskip=\muskip11
\l_tmpa_muskip=\muskip12
\l_tmpb_muskip=\muskip13
\g_tmpa_muskip=\muskip14
\g_tmpb_muskip=\muskip15
\l_keys_choice_int=\count99
\c__fp_leading_shift_int=\count100
\c__fp_middle_shift_int=\count101
\c__fp_trailing_shift_int=\count102
\c__fp_big_leading_shift_int=\count103
\c__fp_big_middle_shift_int=\count104
\c__fp_big_trailing_shift_int=\count105
\c__fp_Bigg_leading_shift_int=\count106
\c__fp_Bigg_middle_shift_int=\count107
\c__fp_Bigg_trailing_shift_int=\count108
\c__fp_rand_size_int=\count109
\c__fp_rand_four_int=\count110
\c__fp_rand_eight_int=\count111
\l__sort_length_int=\count112
\l__sort_min_int=\count113
\l__sort_top_int=\count114
\l__sort_max_int=\count115
\l__sort_true_max_int=\count116
\l__sort_block_int=\count117
\l__sort_begin_int=\count118
\l__sort_end_int=\count119
\l__sort_A_int=\count120
\l__sort_B_int=\count121
\l__sort_C_int=\count122
\c_empty_box=\box26
\l_tmpa_box=\box27
\l_tmpb_box=\box28
\g_tmpa_box=\box29
\g_tmpb_box=\box30
\l__box_top_dim=\dimen109
\l__box_bottom_dim=\dimen110
\l__box_left_dim=\dimen111
\l__box_right_dim=\dimen112
\l__box_top_new_dim=\dimen113
\l__box_bottom_new_dim=\dimen114
\l__box_left_new_dim=\dimen115
\l__box_right_new_dim=\dimen116
\l__box_internal_box=\box31
\l__coffin_internal_box=\box32
\l__coffin_internal_dim=\dimen117
\l__coffin_offset_x_dim=\dimen118
\l__coffin_offset_y_dim=\dimen119
\l__coffin_x_dim=\dimen120
\l__coffin_y_dim=\dimen121
\l__coffin_x_prime_dim=\dimen122
\l__coffin_y_prime_dim=\dimen123
\c_empty_coffin=\box33
\l__coffin_aligned_coffin=\box34
\l__coffin_aligned_internal_coffin=\box35
\l_tmpa_coffin=\box36
\l_tmpb_coffin=\box37
\l__coffin_display_coffin=\box38
\l__coffin_display_coord_coffin=\box39
\l__coffin_display_pole_coffin=\box40
\l__coffin_display_offset_dim=\dimen124
\l__coffin_display_x_dim=\dimen125
\l__coffin_display_y_dim=\dimen126
\l__coffin_bounding_shift_dim=\dimen127
\l__coffin_left_corner_dim=\dimen128
\l__coffin_right_corner_dim=\dimen129
\l__coffin_bottom_corner_dim=\dimen130
\l__coffin_top_corner_dim=\dimen131
\l__coffin_scaled_total_height_dim=\dimen132
\l__coffin_scaled_width_dim=\dimen133
) (/usr/local/texlive/2017/texmf-dist/tex/latex/l3kernel/l3pdfmode.def
File: l3pdfmode.def 2017/03/18 v L3 Experimental driver: PDF mode
\l__driver_color_stack_int=\count123
\l__driver_tmp_box=\box41
)) (/usr/local/texlive/2017/texmf-dist/tex/latex/l3packages/xparse/xparse.sty
Package: xparse 2017/05/13 L3 Experimental document command parser
\l__xparse_current_arg_int=\count124
\g__xparse_grabber_int=\count125
\l__xparse_m_args_int=\count126
\l__xparse_mandatory_args_int=\count127
\l__xparse_v_nesting_int=\count128
)
Package: fontspec 2017/03/31 v2.6a Font selection for XeLaTeX and LuaLaTeX
Lua module: fontspec 2017/03/31 2.6a Font selection for XeLaTeX and LuaLaTeX (/usr/local/texlive/2017/texmf-dist/tex/latex/fontspec/fontspec-luatex.sty
Package: fontspec-luatex 2017/03/31 v2.6a Font selection for XeLaTeX and LuaLaTeX
\l__fontspec_script_int=\count129
\l__fontspec_language_int=\count130
\l__fontspec_strnum_int=\count131
\l__fontspec_tmp_int=\count132
\l__fontspec_em_int=\count133
\l__fontspec_emdef_int=\count134
\l__fontspec_strong_int=\count135
\l__fontspec_strongdef_int=\count136
\l__fontspec_tmpa_dim=\dimen134
\l__fontspec_tmpb_dim=\dimen135
\l__fontspec_tmpc_dim=\dimen136
\g__file_internal_ior=\read1
 (/usr/local/texlive/2017/texmf-dist/tex/latex/base/fontenc.sty
Package: fontenc 2017/04/05 v2.0i Standard LaTeX package
 (/usr/local/texlive/2017/texmf-dist/tex/latex/base/tuenc.def
File: tuenc.def 2017/04/05 v2.0i Standard LaTeX file
LaTeX Font Info:    Redeclaring font encoding TU on input line 82.
))
.................................................
. LaTeX info: "xparse/define-command"
. 
. Defining command \fontspec with sig. 'O{}mO{}' on line 475.
.................................................
.................................................
. LaTeX info: "xparse/define-command"
. 
. Defining command \setmainfont with sig. 'O{}mO{}' on line 486.
.................................................
.................................................
. LaTeX info: "xparse/define-command"
. 
. Defining command \setsansfont with sig. 'O{}mO{}' on line 506.
.................................................
.................................................
. LaTeX info: "xparse/define-command"
. 
. Defining command \setmonofont with sig. 'O{}mO{}' on line 526.
.................................................
.................................................
. LaTeX info: "xparse/define-command"
. 
. Defining command \setromanfont with sig. 'O{}mO{}' on line 546.
.................................................
.................................................
. LaTeX info: "xparse/define-command"
. 
. Defining command \setmathrm with sig. 'O{}mO{}' on line 550.
.................................................
.................................................
. LaTeX info: "xparse/define-command"
. 
. Defining command \setboldmathrm with sig. 'O{}mO{}' on line 558.
.................................................
.................................................
. LaTeX info: "xparse/define-command"
. 
. Defining command \setmathsf with sig. 'O{}mO{}' on line 566.
.................................................
.................................................
. LaTeX info: "xparse/define-command"
. 
. Defining command \setmathtt with sig. 'O{}mO{}' on line 574.
.................................................
.................................................
. LaTeX info: "xparse/define-command"
. 
. Defining command \newfontfamily with sig. 'mO{}mO{}' on line 589.
.................................................
.................................................
. LaTeX info: "xparse/define-command"
. 
. Defining command \newfontface with sig. 'mO{}mO{}' on line 606.
.................................................
.................................................
. LaTeX info: "xparse/define-command"
. 
. Defining command \defaultfontfeatures with sig. 't+om' on line 617.
.................................................
.................................................
. LaTeX info: "xparse/define-command"
. 
. Defining command \addfontfeatures with sig. 'm' on line 648.
.................................................
.................................................
. LaTeX info: "xparse/define-command"
. 
. Defining command \newfontfeature with sig. 'mm' on line 675.
.................................................
.................................................
. LaTeX info: "xparse/define-command"
. 
. Defining command \newAATfeature with sig. 'mmmm' on line 689.
.................................................
.................................................
. LaTeX info: "xparse/define-command"
. 
. Defining command \newopentypefeature with sig. 'mmm' on line 703.
.................................................
.................................................
. LaTeX info: "xparse/define-command"
. 
. Defining command \newICUfeature with sig. 'mmm' on line 723.
.................................................
.................................................
. LaTeX info: "xparse/define-command"
. 
. Defining command \aliasfontfeature with sig. 'mm' on line 727.
.................................................
.................................................
. LaTeX info: "xparse/define-command"
. 
. Defining command \aliasfontfeatureoption with sig. 'mmm' on line 748.
.................................................
.................................................
. LaTeX info: "xparse/define-command"
. 
. Defining command \newfontscript with sig. 'mm' on line 781.
.................................................
.................................................
. LaTeX info: "xparse/define-command"
. 
. Defining command \newfontlanguage with sig. 'mm' on line 785.
.................................................
.................................................
. LaTeX info: "xparse/define-command"
. 
. Defining command \DeclareFontsExtensions with sig. 'm' on line 789.
.................................................
.................................................
. LaTeX info: "xparse/define-command"
. 
. Defining command \IfFontFeatureActiveTF with sig. 'mmm' on line 800.
.................................................
.................................................
. LaTeX info: "xparse/define-command"
. 
. Defining command \EncodingCommand with sig. 'mO{}m' on line 3162.
.................................................
.................................................
. LaTeX info: "xparse/define-command"
. 
. Defining command \EncodingAccent with sig. 'mm' on line 3168.
.................................................
.................................................
. LaTeX info: "xparse/define-command"
. 
. Defining command \EncodingSymbol with sig. 'mm' on line 3174.
.................................................
.................................................
. LaTeX info: "xparse/define-command"
. 
. Defining command \EncodingComposite with sig. 'mmm' on line 3180.
.................................................
.................................................
. LaTeX info: "xparse/define-command"
. 
. Defining command \EncodingCompositeCommand with sig. 'mmm' on line 3186.
.................................................
.................................................
. LaTeX info: "xparse/define-command"
. 
. Defining command \DeclareUnicodeEncoding with sig. 'mm' on line 3211.
.................................................
.................................................
. LaTeX info: "xparse/define-command"
. 
. Defining command \UndeclareSymbol with sig. 'm' on line 3217.
.................................................
.................................................
. LaTeX info: "xparse/define-command"
. 
. Defining command \UndeclareComposite with sig. 'mm' on line 3225.
.................................................
 (/usr/local/texlive/2017/texmf-dist/tex/latex/fontspec/fontspec.cfg)
LaTeX Info: Redefining \itshape on input line 3410.
LaTeX Info: Redefining \slshape on input line 3415.
LaTeX Info: Redefining \scshape on input line 3420.
LaTeX Info: Redefining \upshape on input line 3425.
LaTeX Info: Redefining \em on input line 3455.
LaTeX Info: Redefining \emph on input line 3480.
(load luc: /Users/gary/Library/texlive/2017/texmf-var/luatex-cache/generic/fonts/otl/lmroman10-bold.luc)(load luc: /Users/gary/Library/texlive/2017/texmf-var/luatex-cache/generic/fonts/otl/lmroman10-italic.luc)
LaTeX Info: Redefining \- on input line 3531.
.................................................
. LaTeX info: "xparse/redefine-command"
. 
. Redefining command \oldstylenums with sig. 'm' on line 3626.
.................................................
.................................................
. LaTeX info: "xparse/define-command"
. 
. Defining command \liningnums with sig. 'm' on line 3630.
.................................................
))
luaotfload | cache : Lookup cache loaded from /Users/gary/Library/texlive/2017/texmf-var/luatex-cache/generic/names/luaotfload-lookup-cache.luc.(load luc: /Users/gary/Library/texlive/2017/texmf-var/luatex-cache/generic/fonts/otl/linlibertine-r.luc)
\g__fontspec_family_LinuxLibertineO_int=\count137
(load luc: /Users/gary/Library/texlive/2017/texmf-var/luatex-cache/generic/fonts/otl/linlibertine-rbi.luc)(load luc: /Users/gary/Library/texlive/2017/texmf-var/luatex-cache/generic/fonts/otl/linlibertine-rb.luc)(load luc: /Users/gary/Library/texlive/2017/texmf-var/luatex-cache/generic/fonts/otl/linlibertine-ri.luc)
.................................................
. fontspec info: "defining-font"
. 
. Font family 'LinuxLibertineO(0)' created for font 'Linux Libertine O' with
. options [Ligatures=TeX].
.  
.  This font family consists of the following NFSS series/shapes:
.  
. - 'normal' (m/n) with NFSS spec.:
. <->"LinuxLibertineO:mode=node;script=latn;language=DFLT;+tlig;"
. - 'small caps'  (m/sc) with NFSS spec.:
. <->"LinuxLibertineO:mode=node;script=latn;language=DFLT;+tlig;+smcp;"
. - 'bold' (bx/n) with NFSS spec.:
. <->"LinuxLibertineO/B:mode=node;script=latn;language=DFLT;+tlig;"
. - 'bold small caps'  (bx/sc) with NFSS spec.:
. <->"LinuxLibertineO/B:mode=node;script=latn;language=DFLT;+tlig;+smcp;"
. - 'italic' (m/it) with NFSS spec.:
. <->"LinuxLibertineO/I:mode=node;script=latn;language=DFLT;+tlig;"
. - 'italic small caps'  (m/itsc) with NFSS spec.:
. <->"LinuxLibertineO/I:mode=node;script=latn;language=DFLT;+tlig;+smcp;"
. - 'bold italic' (bx/it) with NFSS spec.:
. <->"LinuxLibertineO/BI:mode=node;script=latn;language=DFLT;+tlig;"
. - 'bold italic small caps'  (bx/itsc) with NFSS spec.:
. <->"LinuxLibertineO/BI:mode=node;script=latn;language=DFLT;+tlig;+smcp;"
.................................................
LaTeX Info: Redefining \rmfamily on input line 9.
 (/usr/local/texlive/2017/texmf-dist/tex/latex/hyperref/hyperref.sty
Package: hyperref 2017/03/14 v6.85a Hypertext links for LaTeX
 (/usr/local/texlive/2017/texmf-dist/tex/generic/oberdiek/hobsub-hyperref.sty
Package: hobsub-hyperref 2016/05/16 v1.14 Bundle oberdiek, subset hyperref (HO)
 (/usr/local/texlive/2017/texmf-dist/tex/generic/oberdiek/hobsub-generic.sty
Package: hobsub-generic 2016/05/16 v1.14 Bundle oberdiek, subset generic (HO)
Package: hobsub 2016/05/16 v1.14 Construct package bundles (HO)
Package: infwarerr 2016/05/16 v1.4 Providing info/warning/error messages (HO)
Package: ltxcmds 2016/05/16 v1.23 LaTeX kernel commands for general use (HO)
Package: ifluatex 2016/05/16 v1.4 Provides the ifluatex switch (HO)
Package ifluatex Info: LuaTeX detected.
Package: ifvtex 2016/05/16 v1.6 Detect VTeX and its facilities (HO)
Package ifvtex Info: VTeX not detected.
Package: intcalc 2016/05/16 v1.2 Expandable calculations with integers (HO)
Package: ifpdf 2017/03/15 v3.2 Provides the ifpdf switch
Package: etexcmds 2016/05/16 v1.6 Avoid name clashes with e-TeX commands (HO)
Package: kvsetkeys 2016/05/16 v1.17 Key value parser (HO)
Package: kvdefinekeys 2016/05/16 v1.4 Define keys (HO)
Package: luatex-loader 2016/05/16 v0.6 Lua module loader (HO)

(/usr/local/texlive/2017/texmf-dist/scripts/oberdiek/oberdiek.luatex.lua)
Package: pdftexcmds 2017/03/19 v0.25 Utility functions of pdfTeX for LuaTeX (HO)
Package pdftexcmds Info: \pdf@primitive is available.
Package pdftexcmds Info: \pdf@ifprimitive is available.
Package pdftexcmds Info: \pdfdraftmode found.
\pdftexcmds@toks=\toks14
Package: pdfescape 2016/05/16 v1.14 Implements pdfTeX's escape features (HO)
Package: bigintcalc 2016/05/16 v1.4 Expandable calculations on big integers (HO)
Package: bitset 2016/05/16 v1.2 Handle bit-vector datatype (HO)
Package: uniquecounter 2016/05/16 v1.3 Provide unlimited unique counter (HO)
)
Package hobsub Info: Skipping package `hobsub' (already loaded).
Package: letltxmacro 2016/05/16 v1.5 Let assignment for LaTeX macros (HO)
Package: hopatch 2016/05/16 v1.3 Wrapper for package hooks (HO)
Package: xcolor-patch 2016/05/16 xcolor patch
Package: atveryend 2016/05/16 v1.9 Hooks at the very end of document (HO)
Package atveryend Info: \enddocument detected (standard20110627).
Package: atbegshi 2016/06/09 v1.18 At begin shipout hook (HO)
Package: refcount 2016/05/16 v3.5 Data extraction from label references (HO)
Package: hycolor 2016/05/16 v1.8 Color options for hyperref/bookmark (HO)
) (/usr/local/texlive/2017/texmf-dist/tex/latex/graphics/keyval.sty
Package: keyval 2014/10/28 v1.15 key=value parser (DPC)
\KV@toks@=\toks15
) (/usr/local/texlive/2017/texmf-dist/tex/generic/ifxetex/ifxetex.sty
Package: ifxetex 2010/09/12 v0.6 Provides ifxetex conditional
) (/usr/local/texlive/2017/texmf-dist/tex/latex/oberdiek/auxhook.sty
Package: auxhook 2016/05/16 v1.4 Hooks for auxiliary files (HO)
) (/usr/local/texlive/2017/texmf-dist/tex/latex/oberdiek/kvoptions.sty
Package: kvoptions 2016/05/16 v3.12 Key value format for package options (HO)
)
\@linkdim=\dimen137
\Hy@linkcounter=\count138
\Hy@pagecounter=\count139
 (/usr/local/texlive/2017/texmf-dist/tex/latex/hyperref/pd1enc.def
File: pd1enc.def 2017/03/14 v6.85a Hyperref: PDFDocEncoding definition (HO)
)
\Hy@SavedSpaceFactor=\count140
 (/usr/local/texlive/2017/texmf-dist/tex/latex/latexconfig/hyperref.cfg
File: hyperref.cfg 2002/06/06 v1.2 hyperref configuration of TeXLive
)
Package hyperref Info: Hyper figures OFF on input line 4498.
Package hyperref Info: Link nesting OFF on input line 4503.
Package hyperref Info: Hyper index ON on input line 4506.
Package hyperref Info: Plain pages OFF on input line 4513.
Package hyperref Info: Backreferencing OFF on input line 4518.
Package hyperref Info: Implicit mode ON; LaTeX internals redefined.
Package hyperref Info: Bookmarks ON on input line 4751.
\c@Hy@tempcnt=\count141
 (/usr/local/texlive/2017/texmf-dist/tex/latex/url/url.sty
\Urlmuskip=\muskip16
Package: url 2013/09/16  ver 3.4  Verb mode for urls, etc.
)
LaTeX Info: Redefining \url on input line 5104.
\XeTeXLinkMargin=\dimen138
\Fld@menulength=\count142
\Field@Width=\dimen139
\Fld@charsize=\dimen140
Package hyperref Info: Hyper figures OFF on input line 6358.
Package hyperref Info: Link nesting OFF on input line 6363.
Package hyperref Info: Hyper index ON on input line 6366.
Package hyperref Info: backreferencing OFF on input line 6373.
Package hyperref Info: Link coloring OFF on input line 6378.
Package hyperref Info: Link coloring with OCG OFF on input line 6383.
Package hyperref Info: PDF/A mode OFF on input line 6388.
LaTeX Info: Redefining \ref on input line 6428.
LaTeX Info: Redefining \pageref on input line 6432.
\Hy@abspage=\count143
\c@Item=\count144
\c@Hfootnote=\count145
)

Package hyperref Message: Driver (autodetected): hluatex.

(/usr/local/texlive/2017/texmf-dist/tex/latex/hyperref/hluatex.def
File: hluatex.def 2017/03/14 v6.85a Hyperref driver for luaTeX
\Fld@listcount=\count146
\c@bookmark@seq@number=\count147
 (/usr/local/texlive/2017/texmf-dist/tex/latex/oberdiek/rerunfilecheck.sty
Package: rerunfilecheck 2016/05/16 v1.8 Rerun checks for auxiliary files (HO)
Package uniquecounter Info: New unique counter `rerunfilecheck' on input line 282.
)
\Hy@SectionHShift=\skip49
) (/usr/local/texlive/2017/texmf-dist/tex/latex/pdfpages/pdfpages.sty
Package: pdfpages 2017/01/14 v0.5h Insert pages of external PDF documents (AM)
 (/usr/local/texlive/2017/texmf-dist/tex/latex/base/ifthen.sty
Package: ifthen 2014/09/29 v1.1c Standard LaTeX ifthen package (DPC)
) (/usr/local/texlive/2017/texmf-dist/tex/latex/tools/calc.sty
Package: calc 2014/10/28 v4.3 Infix arithmetic (KKT,FJ)
\calc@Acount=\count148
\calc@Bcount=\count149
\calc@Adimen=\dimen141
\calc@Bdimen=\dimen142
\calc@Askip=\skip50
\calc@Bskip=\skip51
LaTeX Info: Redefining \setlength on input line 80.
LaTeX Info: Redefining \addtolength on input line 81.
\calc@Ccount=\count150
\calc@Cskip=\skip52
) (/usr/local/texlive/2017/texmf-dist/tex/latex/eso-pic/eso-pic.sty
Package: eso-pic 2015/07/21 v2.0g eso-pic (RN)
 (/usr/local/texlive/2017/texmf-dist/tex/latex/xcolor/xcolor.sty
Package: xcolor 2016/05/11 v2.12 LaTeX color extensions (UK)
 (/usr/local/texlive/2017/texmf-dist/tex/latex/graphics-cfg/color.cfg
File: color.cfg 2016/01/02 v1.6 sample color configuration
)
Package xcolor Info: Driver file: luatex.def on input line 225.
 (/usr/local/texlive/2017/texmf-dist/tex/latex/graphics-def/luatex.def
File: luatex.def 2017/01/12 v0.01h Graphics/Color for luaTeX
\Gread@gobject=\count151
)
Package xcolor Info: Model `cmy' substituted by `cmy0' on input line 1348.
Package xcolor Info: Model `hsb' substituted by `rgb' on input line 1352.
Package xcolor Info: Model `RGB' extended on input line 1364.
Package xcolor Info: Model `HTML' substituted by `rgb' on input line 1366.
Package xcolor Info: Model `Hsb' substituted by `hsb' on input line 1367.
Package xcolor Info: Model `tHsb' substituted by `hsb' on input line 1368.
Package xcolor Info: Model `HSB' substituted by `hsb' on input line 1369.
Package xcolor Info: Model `Gray' substituted by `gray' on input line 1370.
Package xcolor Info: Model `wave' substituted by `hsb' on input line 1371.
)) (/usr/local/texlive/2017/texmf-dist/tex/latex/graphics/graphicx.sty
Package: graphicx 2014/10/28 v1.0g Enhanced LaTeX Graphics (DPC,SPQR)
 (/usr/local/texlive/2017/texmf-dist/tex/latex/graphics/graphics.sty
Package: graphics 2017/04/14 v1.1b Standard LaTeX Graphics (DPC,SPQR)
 (/usr/local/texlive/2017/texmf-dist/tex/latex/graphics/trig.sty
Package: trig 2016/01/03 v1.10 sin cos tan (DPC)
) (/usr/local/texlive/2017/texmf-dist/tex/latex/graphics-cfg/graphics.cfg
File: graphics.cfg 2016/06/04 v1.11 sample graphics configuration
)
Package graphics Info: Driver file: luatex.def on input line 99.
)
\Gin@req@height=\dimen143
\Gin@req@width=\dimen144
)
\AM@pagewidth=\dimen145
\AM@pageheight=\dimen146
 (/usr/local/texlive/2017/texmf-dist/tex/latex/pdfpages/ppluatex.def
File: ppluatex.def 2017/01/14 v0.5h Pdfpages driver for LuaTeX (AM)
)
\AM@pagebox=\box42
\AM@global@opts=\toks16
\AM@toc@title=\toks17
\c@AM@survey=\count152
\AM@templatesizebox=\box43
) (/usr/local/texlive/2017/texmf-dist/tex/latex/geometry/geometry.sty
Package: geometry 2010/09/12 v5.6 Page Geometry
\Gm@cnth=\count153
\Gm@cntv=\count154
\c@Gm@tempcnt=\count155
\Gm@bindingoffset=\dimen147
\Gm@wd@mp=\dimen148
\Gm@odd@mp=\dimen149
\Gm@even@mp=\dimen150
\Gm@layoutwidth=\dimen151
\Gm@layoutheight=\dimen152
\Gm@layouthoffset=\dimen153
\Gm@layoutvoffset=\dimen154
\Gm@dimlist=\toks18
) (/usr/local/texlive/2017/texmf-dist/tex/latex/pbox/pbox.sty
Package: pbox 2011/12/07 v1.2 Dynamic parboxes
\pb@xlen=\skip53
) (/usr/local/texlive/2017/texmf-dist/tex/latex/todonotes/todonotes.sty
Package: todonotes 2015/07/09 .dtx Todonotes source and documentation.
Package: todonotes 2012/07/25
 (/usr/local/texlive/2017/texmf-dist/tex/latex/xkeyval/xkeyval.sty
Package: xkeyval 2014/12/03 v2.7a package option processing (HA)
 (/usr/local/texlive/2017/texmf-dist/tex/generic/xkeyval/xkeyval.tex (/usr/local/texlive/2017/texmf-dist/tex/generic/xkeyval/xkvutils.tex
\XKV@toks=\toks19
\XKV@tempa@toks=\toks20
)
\XKV@depth=\count156
File: xkeyval.tex 2014/12/03 v2.7a key=value parser (HA)
)) (/usr/local/texlive/2017/texmf-dist/tex/latex/pgf/frontendlayer/tikz.sty (/usr/local/texlive/2017/texmf-dist/tex/latex/pgf/basiclayer/pgf.sty (/usr/local/texlive/2017/texmf-dist/tex/latex/pgf/utilities/pgfrcs.sty (/usr/local/texlive/2017/texmf-dist/tex/generic/pgf/utilities/pgfutil-common.tex
\pgfutil@everybye=\toks21
\pgfutil@tempdima=\dimen155
\pgfutil@tempdimb=\dimen156
 (/usr/local/texlive/2017/texmf-dist/tex/generic/pgf/utilities/pgfutil-common-lists.tex)) (/usr/local/texlive/2017/texmf-dist/tex/generic/pgf/utilities/pgfutil-latex.def
\pgfutil@abb=\box44
 (/usr/local/texlive/2017/texmf-dist/tex/latex/ms/everyshi.sty
Package: everyshi 2001/05/15 v3.00 EveryShipout Package (MS)
)) (/usr/local/texlive/2017/texmf-dist/tex/generic/pgf/utilities/pgfrcs.code.tex
Package: pgfrcs 2015/08/07 v3.0.1a (rcs-revision 1.31)
))
Package: pgf 2015/08/07 v3.0.1a (rcs-revision 1.15)
 (/usr/local/texlive/2017/texmf-dist/tex/latex/pgf/basiclayer/pgfcore.sty
(/usr/local/texlive/2017/texmf-dist/tex/latex/pgf/systemlayer/pgfsys.sty (/usr/local/texlive/2017/texmf-dist/tex/generic/pgf/systemlayer/pgfsys.code.tex
Package: pgfsys 2014/07/09 v3.0.1a (rcs-revision 1.48)
 (/usr/local/texlive/2017/texmf-dist/tex/generic/pgf/utilities/pgfkeys.code.tex
\pgfkeys@pathtoks=\toks22
\pgfkeys@temptoks=\toks23
 (/usr/local/texlive/2017/texmf-dist/tex/generic/pgf/utilities/pgfkeysfiltered.code.tex
\pgfkeys@tmptoks=\toks24
))
\pgf@x=\dimen157
\pgf@y=\dimen158
\pgf@xa=\dimen159
\pgf@ya=\dimen160
\pgf@xb=\dimen161
\pgf@yb=\dimen162
\pgf@xc=\dimen163
\pgf@yc=\dimen164
\w@pgf@writea=\write3
\r@pgf@reada=\read2
\c@pgf@counta=\count157
\c@pgf@countb=\count158
\c@pgf@countc=\count159
\c@pgf@countd=\count160
\t@pgf@toka=\toks25
\t@pgf@tokb=\toks26
\t@pgf@tokc=\toks27
 (/usr/local/texlive/2017/texmf-dist/tex/generic/pgf/systemlayer/pgf.cfg
File: pgf.cfg 2008/05/14  (rcs-revision 1.7)
)
Driver file for pgf: pgfsys-luatex.def
 (/usr/local/texlive/2017/texmf-dist/tex/generic/pgf/systemlayer/pgfsys-luatex.def
File: pgfsys-luatex.def 2014/10/11  (rcs-revision 1.35)
 (/usr/local/texlive/2017/texmf-dist/tex/generic/pgf/systemlayer/pgfsys-common-pdf.def
File: pgfsys-common-pdf.def 2013/10/10  (rcs-revision 1.13)
))) (/usr/local/texlive/2017/texmf-dist/tex/generic/pgf/systemlayer/pgfsyssoftpath.code.tex
File: pgfsyssoftpath.code.tex 2013/09/09  (rcs-revision 1.9)
\pgfsyssoftpath@smallbuffer@items=\count161
\pgfsyssoftpath@bigbuffer@items=\count162
) (/usr/local/texlive/2017/texmf-dist/tex/generic/pgf/systemlayer/pgfsysprotocol.code.tex
File: pgfsysprotocol.code.tex 2006/10/16  (rcs-revision 1.4)
)) (/usr/local/texlive/2017/texmf-dist/tex/generic/pgf/basiclayer/pgfcore.code.tex
Package: pgfcore 2010/04/11 v3.0.1a (rcs-revision 1.7)
 (/usr/local/texlive/2017/texmf-dist/tex/generic/pgf/math/pgfmath.code.tex (/usr/local/texlive/2017/texmf-dist/tex/generic/pgf/math/pgfmathcalc.code.tex (/usr/local/texlive/2017/texmf-dist/tex/generic/pgf/math/pgfmathutil.code.tex) (/usr/local/texlive/2017/texmf-dist/tex/generic/pgf/math/pgfmathparser.code.tex
\pgfmath@dimen=\dimen165
\pgfmath@count=\count163
\pgfmath@box=\box45
\pgfmath@toks=\toks28
\pgfmath@stack@operand=\toks29
\pgfmath@stack@operation=\toks30
) (/usr/local/texlive/2017/texmf-dist/tex/generic/pgf/math/pgfmathfunctions.code.tex (/usr/local/texlive/2017/texmf-dist/tex/generic/pgf/math/pgfmathfunctions.basic.code.tex) (/usr/local/texlive/2017/texmf-dist/tex/generic/pgf/math/pgfmathfunctions.trigonometric.code.tex) (/usr/local/texlive/2017/texmf-dist/tex/generic/pgf/math/pgfmathfunctions.random.code.tex) (/usr/local/texlive/2017/texmf-dist/tex/generic/pgf/math/pgfmathfunctions.comparison.code.tex) (/usr/local/texlive/2017/texmf-dist/tex/generic/pgf/math/pgfmathfunctions.base.code.tex) (/usr/local/texlive/2017/texmf-dist/tex/generic/pgf/math/pgfmathfunctions.round.code.tex) (/usr/local/texlive/2017/texmf-dist/tex/generic/pgf/math/pgfmathfunctions.misc.code.tex) (/usr/local/texlive/2017/texmf-dist/tex/generic/pgf/math/pgfmathfunctions.integerarithmetics.code.tex))) (/usr/local/texlive/2017/texmf-dist/tex/generic/pgf/math/pgfmathfloat.code.tex
\c@pgfmathroundto@lastzeros=\count164
))
(/usr/local/texlive/2017/texmf-dist/tex/generic/pgf/basiclayer/pgfcorepoints.code.tex
File: pgfcorepoints.code.tex 2013/10/07  (rcs-revision 1.27)
\pgf@picminx=\dimen166
\pgf@picmaxx=\dimen167
\pgf@picminy=\dimen168
\pgf@picmaxy=\dimen169
\pgf@pathminx=\dimen170
\pgf@pathmaxx=\dimen171
\pgf@pathminy=\dimen172
\pgf@pathmaxy=\dimen173
\pgf@xx=\dimen174
\pgf@xy=\dimen175
\pgf@yx=\dimen176
\pgf@yy=\dimen177
\pgf@zx=\dimen178
\pgf@zy=\dimen179
) (/usr/local/texlive/2017/texmf-dist/tex/generic/pgf/basiclayer/pgfcorepathconstruct.code.tex
File: pgfcorepathconstruct.code.tex 2013/10/07  (rcs-revision 1.29)
\pgf@path@lastx=\dimen180
\pgf@path@lasty=\dimen181
) (/usr/local/texlive/2017/texmf-dist/tex/generic/pgf/basiclayer/pgfcorepathusage.code.tex
File: pgfcorepathusage.code.tex 2014/11/02  (rcs-revision 1.24)
\pgf@shorten@end@additional=\dimen182
\pgf@shorten@start@additional=\dimen183
) (/usr/local/texlive/2017/texmf-dist/tex/generic/pgf/basiclayer/pgfcorescopes.code.tex
File: pgfcorescopes.code.tex 2015/05/08  (rcs-revision 1.46)
\pgfpic=\box46
\pgf@hbox=\box47
\pgf@layerbox@main=\box48
\pgf@picture@serial@count=\count165
) (/usr/local/texlive/2017/texmf-dist/tex/generic/pgf/basiclayer/pgfcoregraphicstate.code.tex
File: pgfcoregraphicstate.code.tex 2014/11/02  (rcs-revision 1.12)
\pgflinewidth=\dimen184
) (/usr/local/texlive/2017/texmf-dist/tex/generic/pgf/basiclayer/pgfcoretransformations.code.tex
File: pgfcoretransformations.code.tex 2015/08/07  (rcs-revision 1.20)
\pgf@pt@x=\dimen185
\pgf@pt@y=\dimen186
\pgf@pt@temp=\dimen187
) (/usr/local/texlive/2017/texmf-dist/tex/generic/pgf/basiclayer/pgfcorequick.code.tex
File: pgfcorequick.code.tex 2008/10/09  (rcs-revision 1.3)
) (/usr/local/texlive/2017/texmf-dist/tex/generic/pgf/basiclayer/pgfcoreobjects.code.tex
File: pgfcoreobjects.code.tex 2006/10/11  (rcs-revision 1.2)
) (/usr/local/texlive/2017/texmf-dist/tex/generic/pgf/basiclayer/pgfcorepathprocessing.code.tex
File: pgfcorepathprocessing.code.tex 2013/09/09  (rcs-revision 1.9)
) (/usr/local/texlive/2017/texmf-dist/tex/generic/pgf/basiclayer/pgfcorearrows.code.tex
File: pgfcorearrows.code.tex 2015/05/14  (rcs-revision 1.43)
\pgfarrowsep=\dimen188
) (/usr/local/texlive/2017/texmf-dist/tex/generic/pgf/basiclayer/pgfcoreshade.code.tex
File: pgfcoreshade.code.tex 2013/07/15  (rcs-revision 1.15)
\pgf@max=\dimen189
\pgf@sys@shading@range@num=\count166
) (/usr/local/texlive/2017/texmf-dist/tex/generic/pgf/basiclayer/pgfcoreimage.code.tex
File: pgfcoreimage.code.tex 2013/07/15  (rcs-revision 1.18)
 (/usr/local/texlive/2017/texmf-dist/tex/generic/pgf/basiclayer/pgfcoreexternal.code.tex
File: pgfcoreexternal.code.tex 2014/07/09  (rcs-revision 1.21)
\pgfexternal@startupbox=\box49
)) (/usr/local/texlive/2017/texmf-dist/tex/generic/pgf/basiclayer/pgfcorelayers.code.tex
File: pgfcorelayers.code.tex 2013/07/18  (rcs-revision 1.7)
) (/usr/local/texlive/2017/texmf-dist/tex/generic/pgf/basiclayer/pgfcoretransparency.code.tex
File: pgfcoretransparency.code.tex 2013/09/30  (rcs-revision 1.5)
) (/usr/local/texlive/2017/texmf-dist/tex/generic/pgf/basiclayer/pgfcorepatterns.code.tex
File: pgfcorepatterns.code.tex 2013/11/07  (rcs-revision 1.5)
))) (/usr/local/texlive/2017/texmf-dist/tex/generic/pgf/modules/pgfmoduleshapes.code.tex
File: pgfmoduleshapes.code.tex 2014/03/21  (rcs-revision 1.35)
\pgfnodeparttextbox=\box50
) (/usr/local/texlive/2017/texmf-dist/tex/generic/pgf/modules/pgfmoduleplot.code.tex
File: pgfmoduleplot.code.tex 2015/08/03  (rcs-revision 1.13)
) (/usr/local/texlive/2017/texmf-dist/tex/latex/pgf/compatibility/pgfcomp-version-0-65.sty
Package: pgfcomp-version-0-65 2007/07/03 v3.0.1a (rcs-revision 1.7)
\pgf@nodesepstart=\dimen190
\pgf@nodesepend=\dimen191
) (/usr/local/texlive/2017/texmf-dist/tex/latex/pgf/compatibility/pgfcomp-version-1-18.sty
Package: pgfcomp-version-1-18 2007/07/23 v3.0.1a (rcs-revision 1.1)
)) (/usr/local/texlive/2017/texmf-dist/tex/latex/pgf/utilities/pgffor.sty (/usr/local/texlive/2017/texmf-dist/tex/latex/pgf/utilities/pgfkeys.sty (/usr/local/texlive/2017/texmf-dist/tex/generic/pgf/utilities/pgfkeys.code.tex))
(/usr/local/texlive/2017/texmf-dist/tex/latex/pgf/math/pgfmath.sty (/usr/local/texlive/2017/texmf-dist/tex/generic/pgf/math/pgfmath.code.tex)) (/usr/local/texlive/2017/texmf-dist/tex/generic/pgf/utilities/pgffor.code.tex
Package: pgffor 2013/12/13 v3.0.1a (rcs-revision 1.25)
 (/usr/local/texlive/2017/texmf-dist/tex/generic/pgf/math/pgfmath.code.tex)
\pgffor@iter=\dimen192
\pgffor@skip=\dimen193
\pgffor@stack=\toks31
\pgffor@toks=\toks32
)) (/usr/local/texlive/2017/texmf-dist/tex/generic/pgf/frontendlayer/tikz/tikz.code.tex
Package: tikz 2015/08/07 v3.0.1a (rcs-revision 1.151)
 (/usr/local/texlive/2017/texmf-dist/tex/generic/pgf/libraries/pgflibraryplothandlers.code.tex
File: pgflibraryplothandlers.code.tex 2013/08/31 v3.0.1a (rcs-revision 1.20)
\pgf@plot@mark@count=\count167
\pgfplotmarksize=\dimen194
)
\tikz@lastx=\dimen195
\tikz@lasty=\dimen196
\tikz@lastxsaved=\dimen197
\tikz@lastysaved=\dimen198
\tikzleveldistance=\dimen199
\tikzsiblingdistance=\dimen256
\tikz@figbox=\box51
\tikz@figbox@bg=\box52
\tikz@tempbox=\box53
\tikz@tempbox@bg=\box54
\tikztreelevel=\count168
\tikznumberofchildren=\count169
\tikznumberofcurrentchild=\count170
\tikz@fig@count=\count171
 (/usr/local/texlive/2017/texmf-dist/tex/generic/pgf/modules/pgfmodulematrix.code.tex
File: pgfmodulematrix.code.tex 2013/09/17  (rcs-revision 1.8)
\pgfmatrixcurrentrow=\count172
\pgfmatrixcurrentcolumn=\count173
\pgf@matrix@numberofcolumns=\count174
)
\tikz@expandcount=\count175
 (/usr/local/texlive/2017/texmf-dist/tex/generic/pgf/frontendlayer/tikz/libraries/tikzlibrarytopaths.code.tex
File: tikzlibrarytopaths.code.tex 2008/06/17 v3.0.1a (rcs-revision 1.2)
))) (/usr/local/texlive/2017/texmf-dist/tex/generic/pgf/frontendlayer/tikz/libraries/tikzlibrarypositioning.code.tex
File: tikzlibrarypositioning.code.tex 2008/10/06 v3.0.1a (rcs-revision 1.7)
)
\c@@todonotes@numberoftodonotes=\count176
) (/usr/local/texlive/2017/texmf-dist/tex/latex/soul/soul.sty
Package: soul 2003/11/17 v2.4 letterspacing/underlining (mf)
\SOUL@word=\toks33
\SOUL@lasttoken=\toks34
\SOUL@cmds=\toks35
\SOUL@buffer=\toks36
\SOUL@token=\toks37
\SOUL@spaceskip=\skip54
\SOUL@ttwidth=\dimen257
\SOUL@uldp=\dimen258
\SOUL@ulht=\dimen259
) (/usr/local/texlive/2017/texmf-dist/tex/latex/colortbl/colortbl.sty
Package: colortbl 2012/02/13 v1.0a Color table columns (DPC)
 (/usr/local/texlive/2017/texmf-dist/tex/latex/tools/array.sty
Package: array 2016/10/06 v2.4d Tabular extension package (FMi)
\col@sep=\dimen260
\extrarowheight=\dimen261
\NC@list=\toks38
\extratabsurround=\skip55
\backup@length=\skip56
)
\everycr=\toks39
\minrowclearance=\skip57
) (/usr/local/texlive/2017/texmf-dist/tex/latex/booktabs/booktabs.sty
Package: booktabs 2016/04/27 v1.618033 publication quality tables
\heavyrulewidth=\dimen262
\lightrulewidth=\dimen263
\cmidrulewidth=\dimen264
\belowrulesep=\dimen265
\belowbottomsep=\dimen266
\aboverulesep=\dimen267
\abovetopsep=\dimen268
\cmidrulesep=\dimen269
\cmidrulekern=\dimen270
\defaultaddspace=\dimen271
\@cmidla=\count177
\@cmidlb=\count178
\@aboverulesep=\dimen272
\@belowrulesep=\dimen273
\@thisruleclass=\count179
\@lastruleclass=\count180
\@thisrulewidth=\dimen274
) (/usr/local/texlive/2017/texmf-dist/tex/latex/tools/longtable.sty
Package: longtable 2014/10/28 v4.11 Multi-page Table package (DPC)
\LTleft=\skip58
\LTright=\skip59
\LTpre=\skip60
\LTpost=\skip61
\LTchunksize=\count181
\LTcapwidth=\dimen275
\LT@head=\box55
\LT@firsthead=\box56
\LT@foot=\box57
\LT@lastfoot=\box58
\LT@cols=\count182
\LT@rows=\count183
\c@LT@tables=\count184
\c@LT@chunks=\count185
\LT@p@ftn=\toks40
) (/usr/local/texlive/2017/texmf-dist/tex/latex/oberdiek/pdflscape.sty
Package: pdflscape 2016/05/14 v0.11 Display of landscape pages in PDF (HO)
 (/usr/local/texlive/2017/texmf-dist/tex/latex/graphics/lscape.sty
Package: lscape 2000/10/22 v3.01 Landscape Pages (DPC)
)
Package pdflscape Info: Auto-detected driver: pdftex on input line 81.
) (/usr/local/texlive/2017/texmf-dist/tex/latex/multirow/multirow.sty
Package: multirow 2016/11/25 v2.2 Span multiple rows of a table
\multirow@colwidth=\skip62
\multirow@cntb=\count186
\multirow@dima=\skip63
\bigstrutjot=\dimen276
) (/usr/local/texlive/2017/texmf-dist/tex/latex/graphics/rotating.sty
Package: rotating 2016/08/11 v2.16d rotated objects in LaTeX
\c@r@tfl@t=\count187
\rotFPtop=\skip64
\rotFPbot=\skip65
\rot@float@box=\box59
\rot@mess@toks=\toks41
) (/usr/local/texlive/2017/texmf-dist/tex/latex/subfig/subfig.sty
Package: subfig 2005/06/28 ver: 1.3 subfig package
 (/usr/local/texlive/2017/texmf-dist/tex/latex/caption/caption.sty
Package: caption 2016/02/21 v3.3-144 Customizing captions (AR)
 (/usr/local/texlive/2017/texmf-dist/tex/latex/caption/caption3.sty
Package: caption3 2016/05/22 v1.7-166 caption3 kernel (AR)
Package caption3 Info: TeX engine: e-TeX on input line 67.
\captionmargin=\dimen277
\captionmargin@=\dimen278
\captionwidth=\dimen279
\caption@tempdima=\dimen280
\caption@indent=\dimen281
\caption@parindent=\dimen282
\caption@hangindent=\dimen283
)
\c@ContinuedFloat=\count188
Package caption Info: hyperref package is loaded.
Package caption Info: longtable package is loaded.
 (/usr/local/texlive/2017/texmf-dist/tex/latex/caption/ltcaption.sty
Package: ltcaption 2013/06/09 v1.4-94 longtable captions (AR)
)
Package caption Info: rotating package is loaded.
)
\c@KVtest=\count189
\sf@farskip=\skip66
\sf@captopadj=\dimen284
\sf@capskip=\skip67
\sf@nearskip=\skip68
\c@subfigure=\count190
\c@subfigure@save=\count191
\c@lofdepth=\count192
\c@subtable=\count193
\c@subtable@save=\count194
\c@lotdepth=\count195
\sf@top=\skip69
\sf@bottom=\skip70
)
Package caption Info: We need package `newfloat' on input line 84.
 (/usr/local/texlive/2017/texmf-dist/tex/latex/caption/newfloat.sty
Package: newfloat 2015/09/17 v1.1-109 Defining new floating environments (AR)
) (/usr/local/texlive/2017/texmf-dist/tex/latex/tablefootnote/tablefootnote.sty
Package: tablefootnote 2014/01/26 v1.1c Table foot notes (HMM)
 (/usr/local/texlive/2017/texmf-dist/tex/latex/xifthen/xifthen.sty
Package: xifthen 2015/11/05 v1.4.0 Extended ifthen features
 (/usr/local/texlive/2017/texmf-dist/tex/latex/ifmtarg/ifmtarg.sty
Package: ifmtarg 2009/09/02 v1.2a check for an empty argument
)) (/usr/local/texlive/2017/texmf-dist/tex/latex/etoolbox/etoolbox.sty
Package: etoolbox 2017/01/02 v2.4 e-TeX tools for LaTeX (JAW)
\etb@tempcnta=\count196
))
(/usr/local/texlive/2017/texmf-dist/tex/latex/chngcntr/chngcntr.sty
Package: chngcntr 2009/09/02 v1.0a change counter resetting
) (./gb4e.sty (/usr/local/texlive/2017/texmf-dist/tex/latex/gb4e/cgloss4e.sty
\lineone=\box60
\linetwo=\box61
\linethree=\box62
\wordone=\box63
\wordtwo=\box64
\wordthree=\box65
\gline=\box66
\glossglue=\skip71
)
\c@fnx=\count197
\@xnumdepth=\count198
\c@xnumi=\count199
\c@xnumii=\count266
\c@xnumiii=\count267
\c@xnumiv=\count268
\c@exx=\count269
\c@rxnumi=\count270
\c@rxnumii=\count271
\c@rxnumiii=\count272
\c@rxnumiv=\count273
\lcommentsep=\skip72
) (/usr/local/texlive/2017/texmf-dist/tex/latex/enumitem/enumitem.sty
Package: enumitem 2011/09/28 v3.5.2 Customized lists
\labelindent=\skip73
\enit@outerparindent=\dimen285
\enit@toks=\toks42
\enit@inbox=\box67
\enitdp@description=\count274
) (/usr/local/texlive/2017/texmf-dist/tex/latex/tools/multicol.sty
Package: multicol 2017/04/11 v1.8q multicolumn formatting (FMi)
\c@tracingmulticols=\count275
\mult@box=\box68
\multicol@leftmargin=\dimen286
\c@unbalance=\count276
\c@collectmore=\count277
\doublecol@number=\count278
\multicoltolerance=\count279
\multicolpretolerance=\count280
\full@width=\dimen287
\page@free=\dimen288
\premulticols=\dimen289
\postmulticols=\dimen290
\multicolsep=\skip74
\multicolbaselineskip=\skip75
\partial@page=\box69
\last@line=\box70
\maxbalancingoverflow=\dimen291
\mult@rightbox=\box71
\mult@grightbox=\box72
\mult@gfirstbox=\box73
\mult@firstbox=\box74
\@tempa=\box75
\@tempa=\box76
\@tempa=\box77
\@tempa=\box78
\@tempa=\box79
\@tempa=\box80
\@tempa=\box81
\@tempa=\box82
\@tempa=\box83
\@tempa=\box84
\@tempa=\box85
\@tempa=\box86
\@tempa=\box87
\@tempa=\box88
\@tempa=\box89
\@tempa=\box90
\@tempa=\box91
\c@columnbadness=\count281
\c@finalcolumnbadness=\count282
\last@try=\dimen292
\multicolovershoot=\dimen293
\multicolundershoot=\dimen294
\mult@nat@firstbox=\box92
\colbreak@box=\box93
\mc@col@check@num=\count283
) (/usr/local/texlive/2017/texmf-dist/tex/latex/academicons/academicons.sty
Package: academicons 2017/05/15 v1.8.0 Academicons Icons
(load luc: /Users/gary/Library/texlive/2017/texmf-var/luatex-cache/generic/fonts/otl/academicons.luc)
luaotfload | aux : font no 25 (nil) defines no feature for script latn
luaotfload | aux : no font with id 25
.................................................
. fontspec info: "no-scripts"
. 
. Font "academicons" does not contain any OpenType `Script' information.
.................................................
\g__fontspec_family_academicons_int=\count284
.................................................
. fontspec info: "no-font-shape"
. 
. Could not resolve font "academicons/BI" (it probably doesn't exist).
.................................................
.................................................
. fontspec info: "no-font-shape"
. 
. Could not resolve font "academicons/B" (it probably doesn't exist).
.................................................
.................................................
. fontspec info: "no-font-shape"
. 
. Could not resolve font "academicons/I" (it probably doesn't exist).
.................................................
luaotfload | aux : font no 25 (nil) does not define feature smcp for script  with language 
luaotfload | aux : no font with id 25
.................................................
. fontspec info: "defining-font"
. 
. Font family 'academicons(0)' created for font 'academicons' with options [].
.  
.  This font family consists of the following NFSS series/shapes:
.  
. - 'normal' (m/n) with NFSS spec.: <->"academicons:mode=node;"
. - 'small caps'  (m/sc) with NFSS spec.: 
.................................................
) (/usr/local/texlive/2017/texmf-dist/tex/latex/makecell/makecell.sty
Package: makecell 2009/08/03 V0.1e Managing of Tab Column Heads and Cells
\rotheadsize=\dimen295
\c@nlinenum=\count285
\TeXr@lab=\toks43
) (/usr/local/texlive/2017/texmf-dist/tex/latex/natbib/natbib.sty
Package: natbib 2010/09/13 8.31b (PWD, AO)
\bibhang=\skip76
\bibsep=\skip77
LaTeX Info: Redefining \cite on input line 694.
\c@NAT@ctr=\count286
) (/usr/local/texlive/2017/texmf-dist/tex/latex/cite/chapterbib.sty
\c@inputfile=\count287
Package: chapterbib 2010/09/18  v 1.17
) (/usr/local/texlive/2017/texmf-dist/tex/latex/titlesec/titlesec.sty
Package: titlesec 2016/03/21 v2.10.2 Sectioning titles
\ttl@box=\box94
\beforetitleunit=\skip78
\aftertitleunit=\skip79
\ttl@plus=\dimen296
\ttl@minus=\dimen297
\ttl@toksa=\toks44
\titlewidth=\dimen298
\titlewidthlast=\dimen299
\titlewidthfirst=\dimen300
) (/usr/local/texlive/2017/texmf-dist/tex/latex/fancyhdr/fancyhdr.sty
Package: fancyhdr 2016/09/06 3.8 Extensive control of page headers and footers
\fancy@headwidth=\skip80
\f@ncyO@elh=\skip81
\f@ncyO@erh=\skip82
\f@ncyO@olh=\skip83
\f@ncyO@orh=\skip84
\f@ncyO@elf=\skip85
\f@ncyO@erf=\skip86
\f@ncyO@olf=\skip87
\f@ncyO@orf=\skip88
) (/usr/local/texlive/2017/texmf-dist/tex/latex/footmisc/footmisc.sty
Package: footmisc 2011/06/06 v5.5b a miscellany of footnote facilities
\FN@temptoken=\toks45
\footnotemargin=\dimen301
\c@pp@next@reset=\count288
Package footmisc Info: Declaring symbol style bringhurst on input line 855.
Package footmisc Info: Declaring symbol style chicago on input line 863.
Package footmisc Info: Declaring symbol style wiley on input line 872.
Package footmisc Info: Declaring symbol style lamport-robust on input line 883.
Package footmisc Info: Declaring symbol style lamport* on input line 903.
Package footmisc Info: Declaring symbol style lamport*-robust on input line 924.
) (/usr/local/texlive/2017/texmf-dist/tex/latex/titlesec/titletoc.sty
Package: titletoc 2011/12/15 v1.6 TOC entries
\ttl@leftsep=\dimen302
) (./Kari-main.aux (./contributor_bios.aux) (./introduction.aux) (./pratt.aux) (./thornton.aux) (./schreyer.aux) (./berez.aux) (./brucks.aux) (./holton.aux) (./moore.aux) (./jett.aux) (./vajda.aux) (./drozda.aux))
\openout1 = Kari-main.aux

LaTeX Font Info:    Checking defaults for OML/cmm/m/it on input line 378.
LaTeX Font Info:    ... okay on input line 378.
LaTeX Font Info:    Checking defaults for T1/cmr/m/n on input line 378.
LaTeX Font Info:    ... okay on input line 378.
LaTeX Font Info:    Checking defaults for OT1/cmr/m/n on input line 378.
LaTeX Font Info:    ... okay on input line 378.
LaTeX Font Info:    Checking defaults for OMS/cmsy/m/n on input line 378.
LaTeX Font Info:    ... okay on input line 378.
LaTeX Font Info:    Checking defaults for TU/lmr/m/n on input line 378.
LaTeX Font Info:    ... okay on input line 378.
LaTeX Font Info:    Checking defaults for OMX/cmex/m/n on input line 378.
LaTeX Font Info:    ... okay on input line 378.
LaTeX Font Info:    Checking defaults for U/cmr/m/n on input line 378.
LaTeX Font Info:    ... okay on input line 378.
LaTeX Font Info:    Checking defaults for PD1/pdf/m/n on input line 378.
LaTeX Font Info:    ... okay on input line 378.
\AtBeginShipoutBox=\box95
Package hyperref Info: Link coloring OFF on input line 378.
 (/usr/local/texlive/2017/texmf-dist/tex/latex/hyperref/nameref.sty
Package: nameref 2016/05/21 v2.44 Cross-referencing by name of section
 (/usr/local/texlive/2017/texmf-dist/tex/generic/oberdiek/gettitlestring.sty
Package: gettitlestring 2016/05/16 v1.5 Cleanup title references (HO)
)
\c@section@level=\count289
)
LaTeX Info: Redefining \ref on input line 378.
LaTeX Info: Redefining \pageref on input line 378.
LaTeX Info: Redefining \nameref on input line 378.
 (./Kari-main.out) (./Kari-main.out)
\@outlinefile=\write4

\openout4 = Kari-main.out
 (/usr/local/texlive/2017/texmf-dist/tex/context/base/mkii/supp-pdf.mkii
[Loading MPS to PDF converter (version 2006.09.02).]
\scratchcounter=\count290
\scratchdimen=\dimen303
\scratchbox=\box96
\nofMPsegments=\count291
\nofMParguments=\count292
\everyMPshowfont=\toks46
\MPscratchCnt=\count293
\MPscratchDim=\dimen304
\MPnumerator=\count294
\makeMPintoPDFobject=\count295
\everyMPtoPDFconversion=\toks47
) (/usr/local/texlive/2017/texmf-dist/tex/latex/oberdiek/epstopdf-base.sty
Package: epstopdf-base 2016/05/15 v2.6 Base part for package epstopdf
 (/usr/local/texlive/2017/texmf-dist/tex/latex/oberdiek/grfext.sty
Package: grfext 2016/05/16 v1.2 Manage graphics extensions (HO)
)
Package epstopdf-base Info: Redefining graphics rule for `.eps' on input line 438.
Package grfext Info: Graphics extension search list:
(grfext)             [.png,.pdf,.jpg,.mps,.jpeg,.jbig2,.jb2,.PNG,.PDF,.JPG,.JPEG,.JBIG2,.JB2,.eps]
(grfext)             \AppendGraphicsExtensions on input line 456.
 (/usr/local/texlive/2017/texmf-dist/tex/latex/latexconfig/epstopdf-sys.cfg
File: epstopdf-sys.cfg 2010/07/13 v1.3 Configuration of (r)epstopdf for TeX Live
))
*geometry* driver: auto-detecting
*geometry* detected driver: pdftex
*geometry* verbose mode - [ preamble ] result:
* driver: pdftex
* paper: letterpaper
* layout: <same size as paper>
* layoutoffset:(h,v)=(0.0pt,0.0pt)
* modes: includefoot twoside 
* h-part:(L,W,R)=(126.47249pt, 361.35002pt, 126.47249pt)
* v-part:(T,H,B)=(90.3375pt, 614.295pt, 90.3375pt)
* \paperwidth=614.295pt
* \paperheight=794.96999pt
* \textwidth=361.35002pt
* \textheight=578.16pt
* \oddsidemargin=54.2025pt
* \evensidemargin=54.2025pt
* \topmargin=-30.06749pt
* \headheight=65.0pt
* \headsep=36.135pt
* \topskip=10.0pt
* \footskip=36.135pt
* \marginparwidth=56.9055pt
* \marginparsep=7.0pt
* \columnsep=10.0pt
* \skip\footins=9.0pt plus 4.0pt minus 2.0pt
* \hoffset=0.0pt
* \voffset=0.0pt
* \mag=1000
* \@twocolumnfalse
* \@twosidetrue
* \@mparswitchtrue
* \@reversemargintrue
* (1in=72.27pt=25.4mm, 1cm=28.453pt)

ABD: EveryShipout initializing macros
Package caption Info: Begin \AtBeginDocument code.
Package caption Info: subfig package v1.3 is loaded.
Package caption Info: End \AtBeginDocument code.


Package tablefootnote Warning: LuaTeX and hyperref package used:
(tablefootnote)                Hyperreferences in rotated content
(tablefootnote)                will be misplaced
(tablefootnote)                regardless of tablefootnote package.
(tablefootnote)                The text to be printed will be OK.

<kari-cover.pdf, id=51, 614.295pt x 794.97pt>
File: kari-cover.pdf Graphic file (type pdf)
 <use kari-cover.pdf>
Package luatex.def Info: kari-cover.pdf used on input line 384.
(luatex.def)             Requested size: 614.29349pt x 794.96806pt.
File: kari-cover.pdf Graphic file (type pdf)
 <use kari-cover.pdf>
Package luatex.def Info: kari-cover.pdf used on input line 384.
(luatex.def)             Requested size: 614.29349pt x 794.96806pt.
 <kari-cover.pdf, id=54, page=1, 614.295pt x 794.97pt>
File: kari-cover.pdf Graphic file (type pdf)
 <use kari-cover.pdf, page 1>
Package luatex.def Info: kari-cover.pdf, page1 used on input line 384.
(luatex.def)             Requested size: 614.29349pt x 794.96806pt.
File: kari-cover.pdf Graphic file (type pdf)
 <use kari-cover.pdf, page 1>
Package luatex.def Info: kari-cover.pdf, page1 used on input line 384.
(luatex.def)             Requested size: 614.58406pt x 795.3441pt.
File: kari-cover.pdf Graphic file (type pdf)
 <use kari-cover.pdf, page 1>
Package luatex.def Info: kari-cover.pdf, page1 used on input line 384.
(luatex.def)             Requested size: 614.58406pt x 795.3441pt.
File: kari-cover.pdf Graphic file (type pdf)
 <use kari-cover.pdf, page 1>
Package luatex.def Info: kari-cover.pdf, page1 used on input line 384.
(luatex.def)             Requested size: 614.58406pt x 795.3441pt.
File: kari-cover.pdf Graphic file (type pdf)
 <use kari-cover.pdf, page 1>
Package luatex.def Info: kari-cover.pdf, page1 used on input line 384.
(luatex.def)             Requested size: 614.58406pt x 795.3441pt.
 [1


<./kari-cover.pdf>] (./Kari-Title-Page.tex [2

]
warning  (pdf backend): ignoring duplicate destination with the name 'page.i'
[1{/usr/local/texlive/2017/texmf-var/fonts/map/pdftex/updmap/pdftex.map}]) (./Kari-Copyright-Page.tex(load luc: /Users/gary/Library/texlive/2017/texmf-var/luatex-cache/generic/fonts/otl/lmmono12-regular.luc)
LaTeX Font Info:    Calculating math sizes for size <11> on input line 20.


LaTeX Font Warning: Font shape `OT1/cmr/m/n' in size <5.5> not available
(Font)              size <5> substituted on input line 20.


LaTeX Font Warning: Font shape `OML/cmm/m/it' in size <5.5> not available
(Font)              size <5> substituted on input line 20.


LaTeX Font Warning: Font shape `OMS/cmsy/m/n' in size <5.5> not available
(Font)              size <5> substituted on input line 20.

LaTeX Font Info:    External font `cmex10' loaded for size
(Font)              <11> on input line 20.
LaTeX Font Info:    External font `cmex10' loaded for size
(Font)              <7.69997> on input line 20.
LaTeX Font Info:    External font `cmex10' loaded for size
(Font)              <5.5> on input line 20.
)
warning  (pdf backend): ignoring duplicate destination with the name 'page.ii'
[2] (./Kari-main.toc)
\tf@toc=\write5

\openout5 = Kari-main.toc
 [3

]
\openout2 = contributor_bios.aux
 (./contributor_bios.tex) [4


]
\openout2 = introduction.aux
 (./introduction.tex
Chapter 1.
LaTeX Font Info:    External font `cmex10' loaded for size
(Font)              <7> on input line 26.
LaTeX Font Info:    External font `cmex10' loaded for size
(Font)              <5> on input line 26.
LaTeX Font Info:    External font `cmex10' loaded for size
(Font)              <8> on input line 26.
LaTeX Font Info:    External font `cmex10' loaded for size
(Font)              <6> on input line 26.
(load luc: /Users/gary/Library/texlive/2017/texmf-var/luatex-cache/generic/fonts/otl/lmmono8-regular.luc) <figures/by-nc-sa.png, id=160, 64.3203pt x 12.045pt>
File: figures/by-nc-sa.png Graphic file (type png)
 <use figures/by-nc-sa.png>
Package luatex.def Info: figures/by-nc-sa.png used on input line 32.
(luatex.def)             Requested size: 64.32013pt x 12.04495pt.
 [1





<./figures/by-nc-sa.png>]
Underfull \vbox (badness 3168) has occurred while \output is active []

 [2] [3] [4] [5] [6] (./introduction.bbl)) [7

]
\openout2 = pratt.aux
 (./pratt.tex
Chapter 2.
<figures/pratt-fig1.png, id=248, 288.1164pt x 398.4486pt>
File: figures/pratt-fig1.png Graphic file (type png)
 <use figures/pratt-fig1.png>
Package luatex.def Info: figures/pratt-fig1.png used on input line 39.
(luatex.def)             Requested size: 288.11568pt x 398.44762pt.
 <figures/pratt-fig2.png, id=249, 902.8932pt x 706.3188pt>
File: figures/pratt-fig2.png Graphic file (type png)
 <use figures/pratt-fig2.png>
Package luatex.def Info: figures/pratt-fig2.png used on input line 46.
(luatex.def)             Requested size: 451.4455pt x 353.15852pt.
File: figures/by-nc-sa.png Graphic file (type png)
 <use figures/by-nc-sa.png>
Package luatex.def Info: figures/by-nc-sa.png used on input line 53.
(luatex.def)             Requested size: 64.32013pt x 12.04495pt.
 [8




] [9] [10] [11] <figures/pratt-fig3.png, id=282, 489.9906pt x 500.1084pt>
File: figures/pratt-fig3.png Graphic file (type png)
 <use figures/pratt-fig3.png>
Package luatex.def Info: figures/pratt-fig3.png used on input line 111.
(luatex.def)             Requested size: 342.99107pt x 350.07349pt.
 [12] <figures/pratt-fig4.png, id=290, 499.6266pt x 512.1534pt>
File: figures/pratt-fig4.png Graphic file (type png)
 <use figures/pratt-fig4.png>
Package luatex.def Info: figures/pratt-fig4.png used on input line 135.
(luatex.def)             Requested size: 349.73624pt x 358.50493pt.
 [13]
Package hyperref Info: bookmark level for unknown todo defaults to 0 on input line 160.
 [14] [15] [16<./figures/pratt-fig1.png>] [17<./figures/pratt-fig2.png>] [18<./figures/pratt-fig3.png>] [19<./figures/pratt-fig4.png>] [20

](load luc: /Users/gary/Library/texlive/2017/texmf-var/luatex-cache/generic/fonts/otl/lmmono10-regular.luc) [21] [22] [23]
Underfull \hbox (badness 10000) in paragraph at lines 319--321

 []


Underfull \hbox (badness 10000) in paragraph at lines 319--321

 []

[24

]
Underfull \hbox (badness 2884) in paragraph at lines 409--410
 []\TU/LinuxLibertineO(0)/bx/n/10 Kvy-gym-pa-y-nagmyut \TU/LinuxLibertineO(0)/m/n/10 [\TU/LinuxLibertineO(0)/m/it/10 Kuigem Paingarmiut \TU/LinuxLibertineO(0)/m/n/10 (CY)] (also \TU/LinuxLibertineO(0)/bx/n/10 Kvy-gym-pa-yma \TU/LinuxLibertineO(0)/m/n/10 [\TU/LinuxLibertineO(0)/m/it/10 Kuigem
 []

[25] [26] [27]
Underfull \hbox (badness 10000) in paragraph at lines 627--629

 []


Underfull \hbox (badness 10000) in paragraph at lines 627--629

 []

[28] [29] [30]
Underfull \hbox (badness 10000) in paragraph at lines 786--788

 []


Underfull \hbox (badness 10000) in paragraph at lines 786--788

 []

[31]
Underfull \hbox (badness 2644) in paragraph at lines 854--855
 []\TU/LinuxLibertineO(0)/bx/n/10 Tty-chan-nanika \TU/LinuxLibertineO(0)/m/n/10 [\TU/LinuxLibertineO(0)/m/it/10 Dichina Nek’ \TU/LinuxLibertineO(0)/m/n/10 (UK)]: wa-ter-course; the up-per Kuskok-wim River.
 []

[32]
Underfull \hbox (badness 2644) in paragraph at lines 921--922
[]\TU/LinuxLibertineO(0)/m/n/10 About a mile up-stream from the mouth of Se-latna River [Chal-lono]
 []

[33] [34]) [35]
\openout2 = thornton.aux
 (./thornton.tex
Chapter 3.
File: figures/by-nc-sa.png Graphic file (type png)
<use figures/by-nc-sa.png>
Package luatex.def Info: figures/by-nc-sa.png used on input line 41.
(luatex.def)             Requested size: 64.32013pt x 12.04495pt.
 [36




] <figures/thornton-map1.png, id=419, 631.158pt x 468.0687pt>
File: figures/thornton-map1.png Graphic file (type png)
 <use figures/thornton-map1.png>
Package luatex.def Info: figures/thornton-map1.png used on input line 52.
(luatex.def)             Requested size: 631.15646pt x 468.06755pt.

Overfull \hbox (269.80644pt too wide) in paragraph at lines 52--53
[][] 
 []


Underfull \hbox (badness 10000) in paragraph at lines 61--62

 []

[37] [38<./figures/thornton-map1.png>] [39]
LaTeX Font Info:    External font `cmex10' loaded for size
(Font)              <9> on input line 90.


LaTeX Warning: `!h' float specifier changed to `!ht'.

[40]
Underfull \vbox (badness 10000) has occurred while \output is active []

 [41] [42] [43] [44]
Underfull \hbox (badness 3333) in paragraph at lines 236--237
[]\TU/LinuxLibertineO(0)/m/n/10 In the end, then, Raven names em-body all that this Trickster-Transformer-
 []


Underfull \vbox (badness 7186) has occurred while \output is active []

 [45] [46] [47

]) [48]
\openout2 = schreyer.aux
 (./schreyer.tex
Chapter 4.

Underfull \hbox (badness 1478) in paragraph at lines 37--38
[] []|\TU/LinuxLibertineO(0)/bx/n/10 1. In-tro-duc-tion[] \TU/LinuxLibertineO(0)/m/n/10 The tra-di-tional ter-ri-tory of the Taku River Tlin-git First Na-tion
 []

File: figures/by-nc-sa.png Graphic file (type png)
<use figures/by-nc-sa.png>
Package luatex.def Info: figures/by-nc-sa.png used on input line 46.
(luatex.def)             Requested size: 64.32013pt x 12.04495pt.
 [49




] [50] [51] [52]
Underfull \hbox (badness 10000) in paragraph at lines 86--87

 []

[53] <figures/schreyer-fig1.png, id=533, 330.9966pt x 393.1488pt>
File: figures/schreyer-fig1.png Graphic file (type png)
 <use figures/schreyer-fig1.png>
Package luatex.def Info: figures/schreyer-fig1.png used on input line 101.
(luatex.def)             Requested size: 330.99577pt x 393.14784pt.
 [54] [55<./figures/schreyer-fig1.png>]
Underfull \hbox (badness 10000) in paragraph at lines 131--132

 []

[56] <figures/schreyer-fig2.png, id=556, 305.943pt x 408.0846pt>
File: figures/schreyer-fig2.png Graphic file (type png)
 <use figures/schreyer-fig2.png>
Package luatex.def Info: figures/schreyer-fig2.png used on input line 137.
(luatex.def)             Requested size: 252.94391pt x 337.39626pt.

Underfull \vbox (badness 2486) has occurred while \output is active []

 [57<./figures/schreyer-fig2.png>] [58] [59] [60] [61] [62]
Underfull \hbox (badness 1325) in paragraph at lines 217--218
 []\TU/LinuxLibertineO(0)/m/n/10 Cana-dian Press. 2015. BC Up-holds En-vi-ron-men-tal Cer-tifi-cates for Con-tro-ver-sial
 []


Underfull \hbox (badness 1796) in paragraph at lines 217--218
 \TU/LinuxLibertineO(0)/m/n/10 Mines. Jan-uary 14, 2015 []$\TU/lmtt/m/n/10 http://www.ctvnews.ca/business/b-c-upholds-
 []


Underfull \hbox (badness 2452) in paragraph at lines 227--228
 \TU/LinuxLibertineO(0)/m/n/10 Con-tro-ver-sial Tulse-quah Chief Project. []$\TU/lmtt/m/n/10 http://www.ecojustice.ca/media-
 []


Underfull \hbox (badness 10000) in paragraph at lines 227--228
 \TU/lmtt/m/n/10 centre/press-releases/bc-government-violated-duty-to-consult-
 []


Underfull \hbox (badness 4378) in paragraph at lines 237--238
 []\TU/LinuxLibertineO(0)/m/n/10 In-dian Coun-try To-day Me-dia Net-work. 2011. Taku River Tlin-git First Na-
 []


Underfull \hbox (badness 10000) in paragraph at lines 237--238
 \TU/LinuxLibertineO(0)/m/n/10 tion Bal-ances Stew-ard-ship with De-vel-op-ment in His-toric Deal with B.C.
 []


Underfull \hbox (badness 10000) in paragraph at lines 237--238
 []$\TU/lmtt/m/n/10 http://indiancountrytodaymedianetwork.com/2011/08/13/taku-river-
 []


Underfull \hbox (badness 10000) in paragraph at lines 237--238
 \TU/lmtt/m/n/10 tlingit-first-nation-balances-stewardship-development-historic-
 []

[63

]
Underfull \hbox (badness 10000) in paragraph at lines 254--255
 \TU/lmtt/m/n/10 2014/02/lawsuit-from-taku-river-tlingit-first-nation-threatens-
 []

[64]) [65]
\openout2 = berez.aux
 (./berez.tex
Chapter 5.
File: figures/by-nc-sa.png Graphic file (type png)
<use figures/by-nc-sa.png>
Package luatex.def Info: figures/by-nc-sa.png used on input line 39.
(luatex.def)             Requested size: 64.32013pt x 12.04495pt.
 [66




] [67]
Underfull \vbox (badness 1226) has occurred while \output is active []

 [68] [69] [70] [71]
Overfull \hbox (1.69896pt too wide) in paragraph at lines 236--237
|[][] 
 []


Overfull \hbox (16.88303pt too wide) in paragraph at lines 210--245
 [][] 
 []

[72] [73] [74

] [75] [76] [77] [78] [79] [80] [81] [82] [83]
Underfull \hbox (badness 10000) in paragraph at lines 681--682

 []

[84] (./berez.bbl [85

])) [86]
\openout2 = brucks.aux
 (./brucks.tex
Chapter 6.
<figures/brucks-fig1.png, id=897, 611.886pt x 790.152pt>
File: figures/brucks-fig1.png Graphic file (type png)
 <use figures/brucks-fig1.png>
Package luatex.def Info: figures/brucks-fig1.png used on input line 101.
(luatex.def)             Requested size: 252.94391pt x 326.641pt.


LaTeX Warning: Reference `brucks-ch-begin' on page 87 undefined on input line 108.


LaTeX Warning: Reference `brucks-ch-end' on page 87 undefined on input line 108.

File: figures/by-nc-sa.png Graphic file (type png)
<use figures/by-nc-sa.png>
Package luatex.def Info: figures/by-nc-sa.png used on input line 108.
(luatex.def)             Requested size: 64.32013pt x 12.04495pt.
 [87




] [88<./figures/brucks-fig1.png>] [89]
Overfull \hbox (22.44997pt too wide) in paragraph at lines 144--157
[][] 
 []

[90]
Underfull \vbox (badness 1448) has occurred while \output is active []

 [91]
Underfull \hbox (badness 10000) in paragraph at lines 176--177

 []


Underfull \hbox (badness 10000) in paragraph at lines 180--181

 []


Underfull \hbox (badness 10000) in paragraph at lines 184--185

 []


Underfull \hbox (badness 10000) in paragraph at lines 188--189

 []


Underfull \hbox (badness 10000) in paragraph at lines 200--201

 []


Underfull \hbox (badness 10000) in paragraph at lines 204--205

 []


Underfull \hbox (badness 10000) in paragraph at lines 208--209

 []

[92]
Underfull \hbox (badness 10000) in paragraph at lines 212--213

 []


Underfull \hbox (badness 10000) in paragraph at lines 226--227

 []


Underfull \hbox (badness 10000) in paragraph at lines 230--231

 []


Underfull \hbox (badness 10000) in paragraph at lines 234--235

 []


Underfull \hbox (badness 10000) in paragraph at lines 238--239

 []

[93]
Underfull \hbox (badness 10000) in paragraph at lines 252--253

 []


Underfull \hbox (badness 10000) in paragraph at lines 263--264

 []


Underfull \hbox (badness 10000) in paragraph at lines 267--268

 []

[94]
Underfull \hbox (badness 10000) in paragraph at lines 288--289

 []


Underfull \hbox (badness 10000) in paragraph at lines 292--293

 []


Underfull \hbox (badness 10000) in paragraph at lines 302--303

 []


Underfull \hbox (badness 10000) in paragraph at lines 306--307

 []


Underfull \hbox (badness 10000) in paragraph at lines 310--311

 []

[95]
Underfull \hbox (badness 10000) in paragraph at lines 314--315

 []


Underfull \hbox (badness 10000) in paragraph at lines 318--319

 []

[96]
Underfull \hbox (badness 10000) in paragraph at lines 336--337

 []


Underfull \hbox (badness 10000) in paragraph at lines 340--341

 []


Underfull \hbox (badness 10000) in paragraph at lines 344--345

 []

[97]
Underfull \hbox (badness 10000) in paragraph at lines 364--365

 []


Underfull \hbox (badness 10000) in paragraph at lines 368--369

 []


Underfull \hbox (badness 10000) in paragraph at lines 372--373

 []


Underfull \hbox (badness 10000) in paragraph at lines 376--377

 []

[98]
Underfull \hbox (badness 10000) in paragraph at lines 398--399

 []


Underfull \hbox (badness 10000) in paragraph at lines 402--403

 []

[99]
Underfull \hbox (badness 10000) in paragraph at lines 406--407

 []


Underfull \hbox (badness 10000) in paragraph at lines 410--411

 []


Underfull \hbox (badness 10000) in paragraph at lines 414--415

 []


Underfull \hbox (badness 10000) in paragraph at lines 418--419

 []


Underfull \hbox (badness 10000) in paragraph at lines 422--423

 []


Underfull \hbox (badness 10000) in paragraph at lines 426--427

 []


Underfull \hbox (badness 10000) in paragraph at lines 430--431

 []

[100]
Underfull \hbox (badness 10000) in paragraph at lines 444--445

 []


Underfull \hbox (badness 10000) in paragraph at lines 448--449

 []


Underfull \hbox (badness 10000) in paragraph at lines 458--459

 []


LaTeX Warning: Reference `brucks:section:houses' on page 101 undefined on input line 463.


Underfull \hbox (badness 10000) in paragraph at lines 471--472

 []

[101]
Underfull \hbox (badness 10000) in paragraph at lines 475--476

 []


Underfull \hbox (badness 10000) in paragraph at lines 479--480

 []


Underfull \hbox (badness 10000) in paragraph at lines 481--482

 []


Underfull \hbox (badness 10000) in paragraph at lines 485--486

 []


Underfull \hbox (badness 10000) in paragraph at lines 487--488

 []


Underfull \hbox (badness 10000) in paragraph at lines 491--492

 []

[102]
Underfull \hbox (badness 10000) in paragraph at lines 509--510

 []


Underfull \hbox (badness 10000) in paragraph at lines 513--514

 []


Underfull \hbox (badness 10000) in paragraph at lines 517--518

 []


Underfull \hbox (badness 10000) in paragraph at lines 521--522

 []


Underfull \hbox (badness 10000) in paragraph at lines 525--526

 []


Underfull \hbox (badness 10000) in paragraph at lines 527--528

 []


Underfull \hbox (badness 10000) in paragraph at lines 531--532

 []

[103]
Underfull \hbox (badness 10000) in paragraph at lines 551--552

 []


Underfull \hbox (badness 10000) in paragraph at lines 555--556

 []


Underfull \hbox (badness 10000) in paragraph at lines 559--560

 []


Underfull \hbox (badness 10000) in paragraph at lines 563--564

 []


Underfull \hbox (badness 10000) in paragraph at lines 567--568

 []

[104]
Underfull \hbox (badness 10000) in paragraph at lines 571--572

 []


Underfull \hbox (badness 10000) in paragraph at lines 573--574

 []


Underfull \hbox (badness 10000) in paragraph at lines 577--578

 []


Underfull \hbox (badness 10000) in paragraph at lines 581--582

 []

[105] [106] [107] (./brucks.bbl [108

] [109])) [110]
\openout2 = holton.aux
 (./holton.tex
Chapter 7.

Package Fancyhdr Warning: \headheight is too small (65.0pt): 
 Make it at least 65.00003pt.
 We now make it that large for the rest of the document.
 This may cause the page layout to be inconsistent, however.

File: figures/by-nc-sa.png Graphic file (type png)
<use figures/by-nc-sa.png>
Package luatex.def Info: figures/by-nc-sa.png used on input line 44.
(luatex.def)             Requested size: 64.32013pt x 12.04495pt.
 [111




] [112] <figures/holton-fig1.png, id=1358, 527.3301pt x 379.1766pt>
File: figures/holton-fig1.png Graphic file (type png)
 <use figures/holton-fig1.png>
Package luatex.def Info: figures/holton-fig1.png used on input line 68.
(luatex.def)             Requested size: 325.2128pt x 233.8489pt.
 [113] [114<./figures/holton-fig1.png>]
Overfull \hbox (17.06491pt too wide) in paragraph at lines 102--127
 [][] 
 []

<figures/holton-fig2.png, id=1386, 350.2686pt x 156.1032pt>
File: figures/holton-fig2.png Graphic file (type png)
 <use figures/holton-fig2.png>
Package luatex.def Info: figures/holton-fig2.png used on input line 134.
(luatex.def)             Requested size: 325.2128pt x 144.9434pt.
 [115<./figures/holton-fig2.png>] <figures/holton-fig3.png, id=1398, 349.7868pt x 188.3838pt>
File: figures/holton-fig3.png Graphic file (type png)
 <use figures/holton-fig3.png>
Package luatex.def Info: figures/holton-fig3.png used on input line 146.
(luatex.def)             Requested size: 325.2128pt x 175.14912pt.
 [116<./figures/holton-fig3.png>] [117] [118]
Overfull \hbox (26.15002pt too wide) in paragraph at lines 237--244
 [][] 
 []

<figures/holton-fig4.png, id=1430, 453.3738pt x 336.7782pt>
File: figures/holton-fig4.png Graphic file (type png)
 <use figures/holton-fig4.png>
Package luatex.def Info: figures/holton-fig4.png used on input line 250.
(luatex.def)             Requested size: 216.81221pt x 161.05559pt.
 [119<./figures/holton-fig4.png>]
Overfull \hbox (10.07106pt too wide) in paragraph at lines 265--355
[][] 
 []


LaTeX Warning: `!h' float specifier changed to `!ht'.

[120]
Underfull \vbox (badness 3439) has occurred while \output is active []

 [121]
Overfull \hbox (30.10608pt too wide) in paragraph at lines 425--476
[][] 
 []


Underfull \vbox (badness 2326) has occurred while \output is active []

 [122] [123]
Overfull \hbox (20.42995pt too wide) in paragraph at lines 523--547
[][] 
 []

[124] [125] [126] [127] [128] (./holton.bbl)) [129

]
\openout2 = moore.aux
 (./moore.tex
Chapter 8.
File: figures/by-nc-sa.png Graphic file (type png)
<use figures/by-nc-sa.png>
Package luatex.def Info: figures/by-nc-sa.png used on input line 26.
(luatex.def)             Requested size: 64.32013pt x 12.04495pt.
 [130




]
Underfull \hbox (badness 10000) in paragraph at lines 31--32

 []

[131]
Underfull \hbox (badness 10000) in paragraph at lines 44--45

 []

<figures/moore-fig1.jpg, id=1571, 4625.28pt x 3693.8pt>
File: figures/moore-fig1.jpg Graphic file (type jpg)
 <use figures/moore-fig1.jpg>
Package luatex.def Info: figures/moore-fig1.jpg used on input line 67.
(luatex.def)             Requested size: 325.2128pt x 259.66331pt.


LaTeX Warning: `h' float specifier changed to `ht'.

[132]
Underfull \hbox (badness 10000) in paragraph at lines 76--77

 []

[133<./figures/moore-fig1.jpg>]
Underfull \hbox (badness 10000) in paragraph at lines 94--96

 []


Underfull \hbox (badness 10000) in paragraph at lines 104--105

 []


Underfull \hbox (badness 10000) in paragraph at lines 112--114

 []

[134]
Underfull \hbox (badness 10000) in paragraph at lines 132--133

 []


Underfull \hbox (badness 10000) in paragraph at lines 141--142

 []

[135] [136]) [137

]
\openout2 = jett.aux
 (./jett.tex
Chapter 9.
File: figures/by-nc-sa.png Graphic file (type png)
<use figures/by-nc-sa.png>
Package luatex.def Info: figures/by-nc-sa.png used on input line 29.
(luatex.def)             Requested size: 64.32013pt x 12.04495pt.
 [138




] [139

] [140] [141]
Underfull \hbox (badness 1325) in paragraph at lines 69--70
\TU/LinuxLibertineO(0)/m/n/10 canyon cross-ing the San Juan Basin: \TU/LinuxLibertineO(0)/m/it/10 Cañón de Chaco \TU/LinuxLibertineO(0)/m/n/10 ‘Chaco Canyon’ < Navajo
 []

[142]
Underfull \vbox (badness 7186) has occurred while \output is active []

 [143] [144] [145] [146] [147] [148] [149] [150] [151] [152] [153] [154] [155] [156] [157] [158]
Underfull \vbox (badness 3364) has occurred while \output is active []

 [159] [160] [161]
Underfull \hbox (badness 3635) in paragraph at lines 227--228
[] []|\TU/LinuxLibertineO(0)/bx/n/10 7.2 Ge-o-graphic Dis-tri-bu-tion of Loans[] \TU/LinuxLibertineO(0)/m/n/10 The ge-o-graphic dis-tri-bu-tion of known
 []

[162]
Underfull \hbox (badness 1596) in paragraph at lines 236--237
[]\TU/LinuxLibertineO(0)/m/n/10 An anony-mous re-viewer of this pa-per in-sight-fully pointed out that since the
 []


Underfull \hbox (badness 1057) in paragraph at lines 236--237
\TU/LinuxLibertineO(0)/m/n/10 Navajo have im-posed a vir-tu-ally wholely-Athabaskan pla-ce-name net-work on their
 []

[163] [164

] [165]
Underfull \hbox (badness 2435) in paragraph at lines 350--351
 []\TU/LinuxLibertineO(0)/m/n/10 El Bi-en-hablao. n.d. (Web-site): []$\TU/lmtt/m/n/10 http://www.elbienhablao.es/significado-
 []

[166] [167] [168] [169] [170]
Underfull \hbox (badness 10000) in paragraph at lines 562--563
 []\TU/LinuxLibertineO(0)/m/n/10 The Santa Fe Site. n.d. (Web-site): http://www.the-santafe-site.com/articles-
 []

[171] [172]) [173]
\openout2 = vajda.aux
 (./vajda.tex
Chapter 10.
File: figures/by-nc-sa.png Graphic file (type png)
<use figures/by-nc-sa.png>
Package luatex.def Info: figures/by-nc-sa.png used on input line 26.
(luatex.def)             Requested size: 64.32013pt x 12.04495pt.
 [174




] <figures/vajda-fig1.png, id=1838, 1957.3125pt x 2000.47375pt>
File: figures/vajda-fig1.png Graphic file (type png)
 <use figures/vajda-fig1.png>
Package luatex.def Info: figures/vajda-fig1.png used on input line 35.
(luatex.def)             Requested size: 252.94391pt x 258.51396pt.
 [175] [176<./figures/vajda-fig1.png>] [177] <figures/vajda-fig2.png, id=1855, 614.295pt x 639.38875pt>
File: figures/vajda-fig2.png Graphic file (type png)
 <use figures/vajda-fig2.png>
Package luatex.def Info: figures/vajda-fig2.png used on input line 64.
(luatex.def)             Requested size: 252.94391pt x 263.27304pt.
 [178<./figures/vajda-fig2.png>] [179] <figures/vajda-fig3.png, id=1878, 991.705pt x 989.6975pt>
File: figures/vajda-fig3.png Graphic file (type png)
 <use figures/vajda-fig3.png>
Package luatex.def Info: figures/vajda-fig3.png used on input line 93.
(luatex.def)             Requested size: 252.94391pt x 252.42238pt.

Underfull \vbox (badness 3417) has occurred while \output is active []

 [180<./figures/vajda-fig3.png>] [181] [182] [183] [184] [185]
Underfull \vbox (badness 10000) has occurred while \output is active []

 [186] [187] [188] [189] [190] [191

]) [192]
\openout2 = drozda.aux
 (./drozda.tex
Chapter 11.
File: figures/by-nc-sa.png Graphic file (type png)
<use figures/by-nc-sa.png>
Package luatex.def Info: figures/by-nc-sa.png used on input line 28.
(luatex.def)             Requested size: 64.32013pt x 12.04495pt.
 [193




] [194] [195] [196]
Underfull \hbox (badness 10000) in paragraph at lines 95--95
[]|\TU/LinuxLibertineO(0)/m/n/9 Atn(e)q
 []


Underfull \hbox (badness 10000) in paragraph at lines 95--95
\TU/LinuxLibertineO(0)/m/n/9 (Fortes-cue
 []


Underfull \hbox (badness 2418) in paragraph at lines 96--97
[]|\TU/LinuxLibertineO(0)/m/n/9 Ater-ner in CED or-thog-ra-phy; pb –neq(Y),
 []


Underfull \hbox (badness 7576) in paragraph at lines 98--98
[]|\TU/LinuxLibertineO(0)/m/n/9 atrar-, atr(ar)-
 []


Underfull \hbox (badness 1590) in paragraph at lines 98--98
[]|\TU/LinuxLibertineO(0)/m/n/9 to go down to river-
 []


Underfull \hbox (badness 1231) in paragraph at lines 99--99
[]|\TU/LinuxLibertineO(0)/m/n/9 atrar-tuq (at’er-
 []


Underfull \hbox (badness 10000) in paragraph at lines 99--99
[]|\TU/LinuxLibertineO(0)/m/n/9 at’er-tur he is go-ing
 []


Underfull \hbox (badness 10000) in paragraph at lines 103--103
[]|\TU/LinuxLibertineO(0)/m/n/9 vil-lage/res-i-dents of
 []


Underfull \hbox (badness 10000) in paragraph at lines 103--103
\TU/LinuxLibertineO(0)/m/n/9 Ater-ner <re-sult of
 []


Underfull \hbox (badness 10000) in paragraph at lines 111--111
[]|\TU/LinuxLibertineO(0)/m/n/9 a place to de-scend
 []


Underfull \hbox (badness 10000) in paragraph at lines 112--113
[]|\TU/LinuxLibertineO(0)/m/n/9 Pre-sum-ably 8.11; 86NUNpn5:3, 4,7,8;
 []


LaTeX Warning: `h' float specifier changed to `ht'.


Underfull \vbox (badness 1454) has occurred while \output is active []

 [197] [198] [199]) [200

]
Package atveryend Info: Empty hook `BeforeClearDocument' on input line 419.
Package atveryend Info: Empty hook `AfterLastShipout' on input line 419.
 (./Kari-main.aux (./contributor_bios.aux) (./introduction.aux) (./pratt.aux) (./thornton.aux) (./schreyer.aux) (./berez.aux) (./brucks.aux) (./holton.aux) (./moore.aux) (./jett.aux) (./vajda.aux) (./drozda.aux))
Package atveryend Info: Executing hook `AtVeryEndDocument' on input line 419.
Package atveryend Info: Executing hook `AtEndAfterFileList' on input line 419.
Package rerunfilecheck Info: File `Kari-main.out' has not changed.
(rerunfilecheck)             Checksum: 22D60B1C89A1A2F0DB1A79F91E3DB11E;1017.


LaTeX Font Warning: Size substitutions with differences
(Font)              up to 0.5pt have occurred.


LaTeX Warning: There were undefined references.

Package atveryend Info: Empty hook `AtVeryVeryEnd' on input line 419.
)

Here is how much of LuaTeX's memory you used:
 32046 strings out of 494481
 100000,794899 words of node,token memory allocated
 6971 words of node memory still in use:
   82 hlist, 11 vlist, 1 rule, 8 disc, 6 local_par, 236 glue, 10 kern, 14 penalty, 202 glyph, 467 attribute, 74 glue_spec, 467 attribute_list, 6 write, 4 save_pos, 190 pdf_literal, 24 pdf_action nodes
   avail lists: 1:1,2:1842,3:265,4:409,5:790,6:6376,7:2221,8:441,9:581,10:29,11:496
 33986 multiletter control sequences out of 65536+600000
 87 fonts using 17134887 bytes
 62i,21n,96p,5983b,838s stack positions out of 5000i,500n,10000p,200000b,100000s

warning  (pdf backend): unreferenced destination with name 'Hfootnote.62'

warning  (pdf backend): unreferenced destination with name 'Hfootnote.61'

warning  (pdf backend): unreferenced destination with name 'Hfootnote.60'

warning  (pdf backend): unreferenced destination with name 'Hfootnote.59'

warning  (pdf backend): unreferenced destination with name 'Hfootnote.58'

warning  (pdf backend): unreferenced destination with name 'Hfootnote.57'

warning  (pdf backend): unreferenced destination with name 'Hfootnote.56'

warning  (pdf backend): unreferenced destination with name 'Hfootnote.55'

warning  (pdf backend): unreferenced destination with name 'Hfootnote.54'

warning  (pdf backend): unreferenced destination with name 'Hfootnote.53'

warning  (pdf backend): unreferenced destination with name 'Hfootnote.52'

warning  (pdf backend): unreferenced destination with name 'Hfootnote.51'

warning  (pdf backend): unreferenced destination with name 'Hfootnote.50'

warning  (pdf backend): unreferenced destination with name 'Hfootnote.49'

warning  (pdf backend): unreferenced destination with name 'Hfootnote.48'

warning  (pdf backend): unreferenced destination with name 'Hfootnote.47'

warning  (pdf backend): unreferenced destination with name 'Hfootnote.46'

warning  (pdf backend): unreferenced destination with name 'Hfootnote.45'

warning  (pdf backend): unreferenced destination with name 'Hfootnote.44'

warning  (pdf backend): unreferenced destination with name 'Hfootnote.43'

warning  (pdf backend): unreferenced destination with name 'Hfootnote.42'

warning  (pdf backend): unreferenced destination with name 'Hfootnote.41'

warning  (pdf backend): unreferenced destination with name 'Hfootnote.40'

warning  (pdf backend): unreferenced destination with name 'Hfootnote.39'

warning  (pdf backend): unreferenced destination with name 'Hfootnote.38'

warning  (pdf backend): unreferenced destination with name 'Hfootnote.37'

warning  (pdf backend): unreferenced destination with name 'Hfootnote.36'

warning  (pdf backend): unreferenced destination with name 'Hfootnote.35'

warning  (pdf backend): unreferenced destination with name 'Hfootnote.34'

warning  (pdf backend): unreferenced destination with name 'Hfootnote.33'

warning  (pdf backend): unreferenced destination with name 'Hfootnote.32'

warning  (pdf backend): unreferenced destination with name 'Hfootnote.31'

warning  (pdf backend): unreferenced destination with name 'Hfootnote.30'

warning  (pdf backend): unreferenced destination with name 'Hfootnote.29'

warning  (pdf backend): unreferenced destination with name 'Hfootnote.28'

warning  (pdf backend): unreferenced destination with name 'Hfootnote.27'

warning  (pdf backend): unreferenced destination with name 'Hfootnote.26'

warning  (pdf backend): unreferenced destination with name 'Hfootnote.25'

warning  (pdf backend): unreferenced destination with name 'Hfootnote.24'

warning  (pdf backend): unreferenced destination with name 'Hfootnote.23'

warning  (pdf backend): unreferenced destination with name 'Hfootnote.22'

warning  (pdf backend): unreferenced destination with name 'Hfootnote.21'

warning  (pdf backend): unreferenced destination with name 'Hfootnote.20'

warning  (pdf backend): unreferenced destination with name 'Hfootnote.19'

warning  (pdf backend): unreferenced destination with name 'Hfootnote.18'

warning  (pdf backend): unreferenced destination with name 'Hfootnote.17'

warning  (pdf backend): unreferenced destination with name 'Hfootnote.16'

warning  (pdf backend): unreferenced destination with name 'Hfootnote.15'

warning  (pdf backend): unreferenced destination with name 'Hfootnote.14'

warning  (pdf backend): unreferenced destination with name 'Hfootnote.13'

warning  (pdf backend): unreferenced destination with name 'Hfootnote.12'

warning  (pdf backend): unreferenced destination with name 'Hfootnote.11'

warning  (pdf backend): unreferenced destination with name 'Hfootnote.10'

warning  (pdf backend): unreferenced destination with name 'Hfootnote.9'

warning  (pdf backend): unreferenced destination with name 'Hfootnote.8'

warning  (pdf backend): unreferenced destination with name 'Hfootnote.7'

warning  (pdf backend): unreferenced destination with name 'Hfootnote.6'

warning  (pdf backend): unreferenced destination with name 'Hfootnote.5'

warning  (pdf backend): unreferenced destination with name 'Hfootnote.4'

warning  (pdf backend): unreferenced destination with name 'Hfootnote.3'

warning  (pdf backend): unreferenced destination with name 'Hfootnote.2'

warning  (pdf backend): unreferenced destination with name 'Hfootnote.1'
</usr/local/texlive/2017/texmf-dist/fonts/truetype/public/academicons/academicons.ttf></usr/local/texlive/2017/texmf-dist/fonts/opentype/public/libertine/LinLibertine_RBI.otf></usr/local/texlive/2017/texmf-dist/fonts/opentype/public/lm/lmmono10-regular.otf></usr/local/texlive/2017/texmf-dist/fonts/opentype/public/lm/lmmono8-regular.otf></usr/local/texlive/2017/texmf-dist/fonts/opentype/public/lm/lmmono12-regular.otf></usr/local/texlive/2017/texmf-dist/fonts/opentype/public/libertine/LinLibertine_R.otf></usr/local/texlive/2017/texmf-dist/fonts/opentype/public/libertine/LinLibertine_RI.otf></usr/local/texlive/2017/texmf-dist/fonts/opentype/public/libertine/LinLibertine_RB.otf></usr/local/texlive/2017/texmf-dist/fonts/type1/public/amsfonts/cm/cmsy10.pfb>
Output written on Kari-main.pdf (206 pages, 55746751 bytes).

PDF statistics: 2099 PDF objects out of 2487 (max. 8388607)
 1787 compressed objects within 18 object streams
 611 named destinations out of 1000 (max. 131072)
 104 words of extra memory for PDF output out of 10000 (max. 100000000)

